Build started 09.10.2015 3:11:56.
     1>Project "C:\Users\Ваня Елизаров\Documents\Visual Studio 2015\Projects\VRogue\VRogue\VRogue.vcxproj" on node 2 (Build target(s)).
     1>ClCompile:
         C:\Program Files (x86)\Microsoft Visual Studio 14.0\VC\bin\CL.exe /c /ZI /nologo /W3 /WX- /sdl /Od /Oy- /D WIN32 /D _DEBUG /D _CONSOLE /D _UNICODE /D UNICODE /Gm /EHsc /RTC1 /MDd /GS /fp:precise /Zc:wchar_t /Zc:forScope /Zc:inline /Yu"stdafx.h" /Fp"Debug\VRogue.pch" /Fo"Debug\\" /Fd"Debug\vc140.pdb" /Gd /TP /analyze- /errorReport:prompt Level.cpp
         Level.cpp
     1>c:\users\ваня елизаров\documents\visual studio 2015\projects\vrogue\vrogue\level.cpp(34): warning C4018: '<': signed/unsigned mismatch
     1>c:\users\ваня елизаров\documents\visual studio 2015\projects\vrogue\vrogue\level.cpp(35): warning C4018: '<': signed/unsigned mismatch
     1>c:\users\ваня елизаров\documents\visual studio 2015\projects\vrogue\vrogue\level.cpp(66): warning C4018: '<': signed/unsigned mismatch
     1>c:\users\ваня елизаров\documents\visual studio 2015\projects\vrogue\vrogue\level.cpp(134): warning C4018: '<': signed/unsigned mismatch
       Link:
         C:\Program Files (x86)\Microsoft Visual Studio 14.0\VC\bin\link.exe /ERRORREPORT:PROMPT /OUT:"C:\Users\Ваня Елизаров\Documents\Visual Studio 2015\Projects\VRogue\Debug\VRogue.exe" /INCREMENTAL /NOLOGO kernel32.lib user32.lib gdi32.lib winspool.lib comdlg32.lib advapi32.lib shell32.lib ole32.lib oleaut32.lib uuid.lib odbc32.lib odbccp32.lib /MANIFEST /MANIFESTUAC:"level='asInvoker' uiAccess='false'" /manifest:embed /Debug /PDB:"C:\Users\Ваня Елизаров\Documents\Visual Studio 2015\Projects\VRogue\Debug\VRogue.pdb" /SUBSYSTEM:CONSOLE /TLBID:1 /DYNAMICBASE /NXCOMPAT /IMPLIB:"C:\Users\Ваня Елизаров\Documents\Visual Studio 2015\Projects\VRogue\Debug\VRogue.lib" /MACHINE:X86 Debug\Enemy.obj
         Debug\GameSystem.obj
         Debug\Level.obj
         Debug\Player.obj
         Debug\stdafx.obj
         Debug\VRogue.obj
         VRogue.vcxproj -> C:\Users\Ваня Елизаров\Documents\Visual Studio 2015\Projects\VRogue\Debug\VRogue.exe
     1>Done Building Project "C:\Users\Ваня Елизаров\Documents\Visual Studio 2015\Projects\VRogue\VRogue\VRogue.vcxproj" (Build target(s)).

Build succeeded.

Time Elapsed 00:00:01.04
